INFO:root:Loaded model and PCA from disk
INFO:root:Loaded model and PCA from disk
INFO:root:Loaded model and PCA from disk
INFO:root:Loaded model and PCA from disk
INFO:root:Connected to MongoDB
INFO:root:Fetched 10 sample records from MongoDB
INFO:root:Connected to MongoDB
INFO:root:Fetched 10 sample records from MongoDB
INFO:root:Loaded model and PCA from disk
INFO:root:Connected to MongoDB
INFO:root:Fetched 10 sample records from MongoDB
INFO:root:Loaded model and PCA from disk
INFO:root:Connected to MongoDB
INFO:root:Fetched 10 sample records from MongoDB
INFO:root:Loaded model and PCA from disk
INFO:root:Connected to MongoDB
INFO:root:Fetched 10 sample records from MongoDB
INFO:root:Loaded model and PCA from disk
INFO:root:Model evaluation completed. Accuracy: 0.5000
INFO:root:Connected to MongoDB
INFO:root:Fetched 10 sample records from MongoDB
INFO:root:Loaded model and PCA from disk
INFO:root:Model evaluation completed. Accuracy: 0.5000
INFO:root:New data added: incident_time='10:30' grid_node=12
INFO:numexpr.utils:Note: NumExpr detected 16 cores but "NUMEXPR_MAX_THREADS" not set, so enforcing safe limit of 8.
INFO:numexpr.utils:NumExpr defaulting to 8 threads.
INFO:root:Loaded model and PCA from disk
INFO:root:Connected to MongoDB
INFO:root:Fetched 10 sample records from MongoDB
INFO:numexpr.utils:NumExpr defaulting to 6 threads.
INFO:root:Loaded model and PCA from disk
INFO:numexpr.utils:NumExpr defaulting to 6 threads.
INFO:root:Loaded model and PCA from disk
INFO:numexpr.utils:NumExpr defaulting to 6 threads.
INFO:root:Loaded model and PCA from disk
INFO:numexpr.utils:NumExpr defaulting to 8 threads.
INFO:root:Loaded model and PCA from disk
INFO:numexpr.utils:NumExpr defaulting to 8 threads.
INFO:root:Loaded model and PCA from disk
INFO:numexpr.utils:NumExpr defaulting to 8 threads.
INFO:root:Loaded model and PCA from disk
INFO:numexpr.utils:NumExpr defaulting to 8 threads.
INFO:root:Loaded model and PCA from disk
INFO:numexpr.utils:NumExpr defaulting to 8 threads.
INFO:root:Loaded model and PCA from disk
INFO:numexpr.utils:NumExpr defaulting to 8 threads.
INFO:root:Loaded model and PCA from disk
INFO:root:Connected to MongoDB
INFO:root:Fetched 10 sample records from MongoDB
INFO:numexpr.utils:NumExpr defaulting to 8 threads.
INFO:root:Loaded model and PCA from disk
INFO:numexpr.utils:NumExpr defaulting to 8 threads.
INFO:root:Loaded model and PCA from disk
INFO:root:Connected to MongoDB
INFO:root:Fetched 10 sample records from MongoDB
INFO:root:Connected to MongoDB
INFO:root:Fetched 10 sample records from MongoDB
INFO:root:New data added: incident_time='string' grid_node=0
INFO:root:New data added: incident_time='string' grid_node=0
