[2024-09-27T13:04:01.821+0200] {logging_mixin.py:190} WARNING - /home/isi/miniconda3/envs/clean_env/lib/python3.10/site-packages/sklearn/base.py:376 InconsistentVersionWarning: Trying to unpickle estimator DecisionTreeClassifier from version 1.4.2 when using version 1.5.1. This might lead to breaking code or invalid results. Use at your own risk. For more info please refer to:
https://scikit-learn.org/stable/model_persistence.html#security-maintainability-limitations
[2024-09-27T13:04:01.823+0200] {logging_mixin.py:190} WARNING - /home/isi/miniconda3/envs/clean_env/lib/python3.10/site-packages/sklearn/base.py:376 InconsistentVersionWarning: Trying to unpickle estimator RandomForestClassifier from version 1.4.2 when using version 1.5.1. This might lead to breaking code or invalid results. Use at your own risk. For more info please refer to:
https://scikit-learn.org/stable/model_persistence.html#security-maintainability-limitations
[2024-09-27T13:04:01.824+0200] {logging_mixin.py:190} WARNING - /home/isi/miniconda3/envs/clean_env/lib/python3.10/site-packages/sklearn/base.py:376 InconsistentVersionWarning: Trying to unpickle estimator LogisticRegression from version 1.4.2 when using version 1.5.1. This might lead to breaking code or invalid results. Use at your own risk. For more info please refer to:
https://scikit-learn.org/stable/model_persistence.html#security-maintainability-limitations
[2024-09-27T13:04:01.826+0200] {logging_mixin.py:190} WARNING - /home/isi/miniconda3/envs/clean_env/lib/python3.10/site-packages/sklearn/base.py:376 InconsistentVersionWarning: Trying to unpickle estimator LabelEncoder from version 1.4.2 when using version 1.5.1. This might lead to breaking code or invalid results. Use at your own risk. For more info please refer to:
https://scikit-learn.org/stable/model_persistence.html#security-maintainability-limitations
[2024-09-27T13:04:01.838+0200] {logging_mixin.py:190} WARNING - /home/isi/miniconda3/envs/clean_env/lib/python3.10/site-packages/xgboost/core.py:158 UserWarning: [13:04:01] WARNING: /croot/xgboost-split_1724073744422/work/src/collective/../data/../common/error_msg.h:80: If you are loading a serialized model (like pickle in Python, RDS in R) or
configuration generated by an older version of XGBoost, please export the model by calling
`Booster.save_model` from that version first, then load it back in current version. See:

    https://xgboost.readthedocs.io/en/stable/tutorials/saving_model.html

for more details about differences between saving model and serializing.
[2024-09-27T13:04:01.930+0200] {logging_mixin.py:190} WARNING - /home/isi/miniconda3/envs/clean_env/lib/python3.10/site-packages/sklearn/base.py:376 InconsistentVersionWarning: Trying to unpickle estimator VotingClassifier from version 1.4.2 when using version 1.5.1. This might lead to breaking code or invalid results. Use at your own risk. For more info please refer to:
https://scikit-learn.org/stable/model_persistence.html#security-maintainability-limitations
[2024-09-27T13:04:01.933+0200] {logging_mixin.py:190} WARNING - /home/isi/miniconda3/envs/clean_env/lib/python3.10/site-packages/sklearn/base.py:376 InconsistentVersionWarning: Trying to unpickle estimator PCA from version 1.4.2 when using version 1.5.1. This might lead to breaking code or invalid results. Use at your own risk. For more info please refer to:
https://scikit-learn.org/stable/model_persistence.html#security-maintainability-limitations
[2024-09-27T15:39:22.513+0200] {logging_mixin.py:190} WARNING - /home/isi/miniconda3/envs/clean_env/lib/python3.10/site-packages/sklearn/base.py:376 InconsistentVersionWarning: Trying to unpickle estimator DecisionTreeClassifier from version 1.4.2 when using version 1.5.1. This might lead to breaking code or invalid results. Use at your own risk. For more info please refer to:
https://scikit-learn.org/stable/model_persistence.html#security-maintainability-limitations
[2024-09-27T15:39:22.515+0200] {logging_mixin.py:190} WARNING - /home/isi/miniconda3/envs/clean_env/lib/python3.10/site-packages/sklearn/base.py:376 InconsistentVersionWarning: Trying to unpickle estimator RandomForestClassifier from version 1.4.2 when using version 1.5.1. This might lead to breaking code or invalid results. Use at your own risk. For more info please refer to:
https://scikit-learn.org/stable/model_persistence.html#security-maintainability-limitations
[2024-09-27T15:39:22.515+0200] {logging_mixin.py:190} WARNING - /home/isi/miniconda3/envs/clean_env/lib/python3.10/site-packages/sklearn/base.py:376 InconsistentVersionWarning: Trying to unpickle estimator LogisticRegression from version 1.4.2 when using version 1.5.1. This might lead to breaking code or invalid results. Use at your own risk. For more info please refer to:
https://scikit-learn.org/stable/model_persistence.html#security-maintainability-limitations
[2024-09-27T15:39:22.516+0200] {logging_mixin.py:190} WARNING - /home/isi/miniconda3/envs/clean_env/lib/python3.10/site-packages/sklearn/base.py:376 InconsistentVersionWarning: Trying to unpickle estimator LabelEncoder from version 1.4.2 when using version 1.5.1. This might lead to breaking code or invalid results. Use at your own risk. For more info please refer to:
https://scikit-learn.org/stable/model_persistence.html#security-maintainability-limitations
[2024-09-27T15:39:22.525+0200] {logging_mixin.py:190} WARNING - /home/isi/miniconda3/envs/clean_env/lib/python3.10/site-packages/xgboost/core.py:158 UserWarning: [15:39:22] WARNING: /croot/xgboost-split_1724073744422/work/src/collective/../data/../common/error_msg.h:80: If you are loading a serialized model (like pickle in Python, RDS in R) or
configuration generated by an older version of XGBoost, please export the model by calling
`Booster.save_model` from that version first, then load it back in current version. See:

    https://xgboost.readthedocs.io/en/stable/tutorials/saving_model.html

for more details about differences between saving model and serializing.
[2024-09-27T15:39:22.592+0200] {logging_mixin.py:190} WARNING - /home/isi/miniconda3/envs/clean_env/lib/python3.10/site-packages/sklearn/base.py:376 InconsistentVersionWarning: Trying to unpickle estimator VotingClassifier from version 1.4.2 when using version 1.5.1. This might lead to breaking code or invalid results. Use at your own risk. For more info please refer to:
https://scikit-learn.org/stable/model_persistence.html#security-maintainability-limitations
[2024-09-27T15:39:22.594+0200] {logging_mixin.py:190} WARNING - /home/isi/miniconda3/envs/clean_env/lib/python3.10/site-packages/sklearn/base.py:376 InconsistentVersionWarning: Trying to unpickle estimator PCA from version 1.4.2 when using version 1.5.1. This might lead to breaking code or invalid results. Use at your own risk. For more info please refer to:
https://scikit-learn.org/stable/model_persistence.html#security-maintainability-limitations
[2024-09-27T16:04:53.849+0200] {logging_mixin.py:190} WARNING - /home/isi/miniconda3/envs/clean_env/lib/python3.10/site-packages/sklearn/base.py:376 InconsistentVersionWarning: Trying to unpickle estimator DecisionTreeClassifier from version 1.4.2 when using version 1.5.1. This might lead to breaking code or invalid results. Use at your own risk. For more info please refer to:
https://scikit-learn.org/stable/model_persistence.html#security-maintainability-limitations
[2024-09-27T16:04:53.851+0200] {logging_mixin.py:190} WARNING - /home/isi/miniconda3/envs/clean_env/lib/python3.10/site-packages/sklearn/base.py:376 InconsistentVersionWarning: Trying to unpickle estimator RandomForestClassifier from version 1.4.2 when using version 1.5.1. This might lead to breaking code or invalid results. Use at your own risk. For more info please refer to:
https://scikit-learn.org/stable/model_persistence.html#security-maintainability-limitations
[2024-09-27T16:04:53.851+0200] {logging_mixin.py:190} WARNING - /home/isi/miniconda3/envs/clean_env/lib/python3.10/site-packages/sklearn/base.py:376 InconsistentVersionWarning: Trying to unpickle estimator LogisticRegression from version 1.4.2 when using version 1.5.1. This might lead to breaking code or invalid results. Use at your own risk. For more info please refer to:
https://scikit-learn.org/stable/model_persistence.html#security-maintainability-limitations
[2024-09-27T16:04:53.852+0200] {logging_mixin.py:190} WARNING - /home/isi/miniconda3/envs/clean_env/lib/python3.10/site-packages/sklearn/base.py:376 InconsistentVersionWarning: Trying to unpickle estimator LabelEncoder from version 1.4.2 when using version 1.5.1. This might lead to breaking code or invalid results. Use at your own risk. For more info please refer to:
https://scikit-learn.org/stable/model_persistence.html#security-maintainability-limitations
[2024-09-27T16:04:53.864+0200] {logging_mixin.py:190} WARNING - /home/isi/miniconda3/envs/clean_env/lib/python3.10/site-packages/xgboost/core.py:158 UserWarning: [16:04:53] WARNING: /croot/xgboost-split_1724073744422/work/src/collective/../data/../common/error_msg.h:80: If you are loading a serialized model (like pickle in Python, RDS in R) or
configuration generated by an older version of XGBoost, please export the model by calling
`Booster.save_model` from that version first, then load it back in current version. See:

    https://xgboost.readthedocs.io/en/stable/tutorials/saving_model.html

for more details about differences between saving model and serializing.
[2024-09-27T16:04:53.941+0200] {logging_mixin.py:190} WARNING - /home/isi/miniconda3/envs/clean_env/lib/python3.10/site-packages/sklearn/base.py:376 InconsistentVersionWarning: Trying to unpickle estimator VotingClassifier from version 1.4.2 when using version 1.5.1. This might lead to breaking code or invalid results. Use at your own risk. For more info please refer to:
https://scikit-learn.org/stable/model_persistence.html#security-maintainability-limitations
[2024-09-27T16:04:53.943+0200] {logging_mixin.py:190} WARNING - /home/isi/miniconda3/envs/clean_env/lib/python3.10/site-packages/sklearn/base.py:376 InconsistentVersionWarning: Trying to unpickle estimator PCA from version 1.4.2 when using version 1.5.1. This might lead to breaking code or invalid results. Use at your own risk. For more info please refer to:
https://scikit-learn.org/stable/model_persistence.html#security-maintainability-limitations
