2024-09-27 14:59:20,783 INFO - Loaded executor: SequentialExecutor
2024-09-27 14:59:20,837 INFO - Starting the scheduler
2024-09-27 14:59:20,838 INFO - Processing each file at most -1 times
2024-09-27 14:59:20,842 INFO - Launched DagFileProcessorManager with pid: 108118
2024-09-27 14:59:20,844 INFO - Adopting or resetting orphaned tasks for active dag runs
2024-09-27 14:59:20,846 INFO - Configured default timezone UTC
2024-09-27 15:00:51,151 INFO - 1 tasks up for execution:
	<TaskInstance: predict_model_dag.test_mongo_conn_task manual__2024-09-27T13:00:50+00:00 [scheduled]>
2024-09-27 15:00:51,151 INFO - DAG predict_model_dag has 0/16 running and queued tasks
2024-09-27 15:00:51,152 INFO - Setting the following tasks to queued state:
	<TaskInstance: predict_model_dag.test_mongo_conn_task manual__2024-09-27T13:00:50+00:00 [scheduled]>
2024-09-27 15:00:51,155 INFO - Trying to enqueue tasks: [<TaskInstance: predict_model_dag.test_mongo_conn_task manual__2024-09-27T13:00:50+00:00 [scheduled]>] for executor: SequentialExecutor(parallelism=32)
2024-09-27 15:00:51,156 INFO - Sending TaskInstanceKey(dag_id='predict_model_dag', task_id='test_mongo_conn_task', run_id='manual__2024-09-27T13:00:50+00:00', try_number=1, map_index=-1) to SequentialExecutor with priority 5 and queue default
2024-09-27 15:00:51,156 INFO - Adding to queue: ['airflow', 'tasks', 'run', 'predict_model_dag', 'test_mongo_conn_task', 'manual__2024-09-27T13:00:50+00:00', '--local', '--subdir', 'DAGS_FOLDER/predict_model_dag.py']
2024-09-27 15:00:51,162 INFO - Executing command: ['airflow', 'tasks', 'run', 'predict_model_dag', 'test_mongo_conn_task', 'manual__2024-09-27T13:00:50+00:00', '--local', '--subdir', 'DAGS_FOLDER/predict_model_dag.py']
2024-09-27 15:00:53,554 INFO - Received executor event with state success for task instance TaskInstanceKey(dag_id='predict_model_dag', task_id='test_mongo_conn_task', run_id='manual__2024-09-27T13:00:50+00:00', try_number=1, map_index=-1)
2024-09-27 15:00:53,559 INFO - TaskInstance Finished: dag_id=predict_model_dag, task_id=test_mongo_conn_task, run_id=manual__2024-09-27T13:00:50+00:00, map_index=-1, run_start_date=2024-09-27 13:00:52.979989+00:00, run_end_date=2024-09-27 13:00:53.101223+00:00, run_duration=0.121234, state=success, executor=SequentialExecutor(parallelism=32), executor_state=success, try_number=1, max_tries=0, job_id=40, pool=default_pool, queue=default, priority_weight=5, operator=PythonOperator, queued_dttm=2024-09-27 13:00:51.153023+00:00, queued_by_job_id=38, pid=109082
2024-09-27 15:00:53,608 INFO - 1 tasks up for execution:
	<TaskInstance: predict_model_dag.load_model_task manual__2024-09-27T13:00:50+00:00 [scheduled]>
2024-09-27 15:00:53,608 INFO - DAG predict_model_dag has 0/16 running and queued tasks
2024-09-27 15:00:53,608 INFO - Setting the following tasks to queued state:
	<TaskInstance: predict_model_dag.load_model_task manual__2024-09-27T13:00:50+00:00 [scheduled]>
2024-09-27 15:00:53,610 INFO - Trying to enqueue tasks: [<TaskInstance: predict_model_dag.load_model_task manual__2024-09-27T13:00:50+00:00 [scheduled]>] for executor: SequentialExecutor(parallelism=32)
2024-09-27 15:00:53,610 INFO - Sending TaskInstanceKey(dag_id='predict_model_dag', task_id='load_model_task', run_id='manual__2024-09-27T13:00:50+00:00', try_number=1, map_index=-1) to SequentialExecutor with priority 4 and queue default
2024-09-27 15:00:53,610 INFO - Adding to queue: ['airflow', 'tasks', 'run', 'predict_model_dag', 'load_model_task', 'manual__2024-09-27T13:00:50+00:00', '--local', '--subdir', 'DAGS_FOLDER/predict_model_dag.py']
2024-09-27 15:00:53,617 INFO - Executing command: ['airflow', 'tasks', 'run', 'predict_model_dag', 'load_model_task', 'manual__2024-09-27T13:00:50+00:00', '--local', '--subdir', 'DAGS_FOLDER/predict_model_dag.py']
2024-09-27 15:00:58,949 INFO - Received executor event with state success for task instance TaskInstanceKey(dag_id='predict_model_dag', task_id='load_model_task', run_id='manual__2024-09-27T13:00:50+00:00', try_number=1, map_index=-1)
2024-09-27 15:00:58,956 INFO - TaskInstance Finished: dag_id=predict_model_dag, task_id=load_model_task, run_id=manual__2024-09-27T13:00:50+00:00, map_index=-1, run_start_date=2024-09-27 13:00:56.512029+00:00, run_end_date=2024-09-27 13:00:57.663196+00:00, run_duration=1.151167, state=success, executor=SequentialExecutor(parallelism=32), executor_state=success, try_number=1, max_tries=0, job_id=41, pool=default_pool, queue=default, priority_weight=4, operator=PythonOperator, queued_dttm=2024-09-27 13:00:53.609184+00:00, queued_by_job_id=38, pid=109106
2024-09-27 15:04:20,881 INFO - Adopting or resetting orphaned tasks for active dag runs
2024-09-27 15:04:45,358 INFO - 1 tasks up for execution:
	<TaskInstance: predict_model_dag.test_mongo_conn_task manual__2024-09-27T13:04:44+00:00 [scheduled]>
2024-09-27 15:04:45,358 INFO - DAG predict_model_dag has 0/16 running and queued tasks
2024-09-27 15:04:45,359 INFO - Setting the following tasks to queued state:
	<TaskInstance: predict_model_dag.test_mongo_conn_task manual__2024-09-27T13:04:44+00:00 [scheduled]>
2024-09-27 15:04:45,360 INFO - Trying to enqueue tasks: [<TaskInstance: predict_model_dag.test_mongo_conn_task manual__2024-09-27T13:04:44+00:00 [scheduled]>] for executor: SequentialExecutor(parallelism=32)
2024-09-27 15:04:45,361 INFO - Sending TaskInstanceKey(dag_id='predict_model_dag', task_id='test_mongo_conn_task', run_id='manual__2024-09-27T13:04:44+00:00', try_number=1, map_index=-1) to SequentialExecutor with priority 5 and queue default
2024-09-27 15:04:45,361 INFO - Adding to queue: ['airflow', 'tasks', 'run', 'predict_model_dag', 'test_mongo_conn_task', 'manual__2024-09-27T13:04:44+00:00', '--local', '--subdir', 'DAGS_FOLDER/predict_model_dag.py']
2024-09-27 15:04:45,368 INFO - Executing command: ['airflow', 'tasks', 'run', 'predict_model_dag', 'test_mongo_conn_task', 'manual__2024-09-27T13:04:44+00:00', '--local', '--subdir', 'DAGS_FOLDER/predict_model_dag.py']
2024-09-27 15:04:47,450 INFO - Received executor event with state success for task instance TaskInstanceKey(dag_id='predict_model_dag', task_id='test_mongo_conn_task', run_id='manual__2024-09-27T13:04:44+00:00', try_number=1, map_index=-1)
2024-09-27 15:04:47,452 INFO - TaskInstance Finished: dag_id=predict_model_dag, task_id=test_mongo_conn_task, run_id=manual__2024-09-27T13:04:44+00:00, map_index=-1, run_start_date=2024-09-27 13:04:46.947116+00:00, run_end_date=2024-09-27 13:04:47.072778+00:00, run_duration=0.125662, state=success, executor=SequentialExecutor(parallelism=32), executor_state=success, try_number=1, max_tries=0, job_id=43, pool=default_pool, queue=default, priority_weight=5, operator=PythonOperator, queued_dttm=2024-09-27 13:04:45.359924+00:00, queued_by_job_id=38, pid=111005
2024-09-27 15:04:47,487 INFO - 1 tasks up for execution:
	<TaskInstance: predict_model_dag.load_model_task manual__2024-09-27T13:04:44+00:00 [scheduled]>
2024-09-27 15:04:47,488 INFO - DAG predict_model_dag has 0/16 running and queued tasks
2024-09-27 15:04:47,488 INFO - Setting the following tasks to queued state:
	<TaskInstance: predict_model_dag.load_model_task manual__2024-09-27T13:04:44+00:00 [scheduled]>
2024-09-27 15:04:47,490 INFO - Trying to enqueue tasks: [<TaskInstance: predict_model_dag.load_model_task manual__2024-09-27T13:04:44+00:00 [scheduled]>] for executor: SequentialExecutor(parallelism=32)
2024-09-27 15:04:47,490 INFO - Sending TaskInstanceKey(dag_id='predict_model_dag', task_id='load_model_task', run_id='manual__2024-09-27T13:04:44+00:00', try_number=1, map_index=-1) to SequentialExecutor with priority 4 and queue default
2024-09-27 15:04:47,491 INFO - Adding to queue: ['airflow', 'tasks', 'run', 'predict_model_dag', 'load_model_task', 'manual__2024-09-27T13:04:44+00:00', '--local', '--subdir', 'DAGS_FOLDER/predict_model_dag.py']
2024-09-27 15:04:47,499 INFO - Executing command: ['airflow', 'tasks', 'run', 'predict_model_dag', 'load_model_task', 'manual__2024-09-27T13:04:44+00:00', '--local', '--subdir', 'DAGS_FOLDER/predict_model_dag.py']
2024-09-27 15:04:50,445 INFO - Received executor event with state success for task instance TaskInstanceKey(dag_id='predict_model_dag', task_id='load_model_task', run_id='manual__2024-09-27T13:04:44+00:00', try_number=1, map_index=-1)
2024-09-27 15:04:50,447 INFO - TaskInstance Finished: dag_id=predict_model_dag, task_id=load_model_task, run_id=manual__2024-09-27T13:04:44+00:00, map_index=-1, run_start_date=2024-09-27 13:04:49.073091+00:00, run_end_date=2024-09-27 13:04:49.841372+00:00, run_duration=0.768281, state=success, executor=SequentialExecutor(parallelism=32), executor_state=success, try_number=1, max_tries=0, job_id=44, pool=default_pool, queue=default, priority_weight=4, operator=PythonOperator, queued_dttm=2024-09-27 13:04:47.489823+00:00, queued_by_job_id=38, pid=111027
2024-09-27 15:04:52,722 ERROR - Marking run <DagRun predict_model_dag @ 2024-09-27 13:04:44+00:00: manual__2024-09-27T13:04:44+00:00, state:running, queued_at: 2024-09-27 13:04:44.920394+00:00. externally triggered: True> failed
2024-09-27 15:04:52,722 INFO - DagRun Finished: dag_id=predict_model_dag, execution_date=2024-09-27 13:04:44+00:00, run_id=manual__2024-09-27T13:04:44+00:00, run_start_date=2024-09-27 13:04:45.331533+00:00, run_end_date=2024-09-27 13:04:52.722804+00:00, run_duration=7.391271, state=failed, external_trigger=True, run_type=manual, data_interval_start=2024-09-26 00:00:00+00:00, data_interval_end=2024-09-27 00:00:00+00:00, dag_hash=d69314eb4107b40e51220d0a297377f1
2024-09-27 15:09:20,913 INFO - Adopting or resetting orphaned tasks for active dag runs
2024-09-27 15:10:26,823 INFO - 1 tasks up for execution:
	<TaskInstance: predict_model_dag.test_mongo_conn_task manual__2024-09-27T13:10:25+00:00 [scheduled]>
2024-09-27 15:10:26,823 INFO - DAG predict_model_dag has 0/16 running and queued tasks
2024-09-27 15:10:26,824 INFO - Setting the following tasks to queued state:
	<TaskInstance: predict_model_dag.test_mongo_conn_task manual__2024-09-27T13:10:25+00:00 [scheduled]>
2024-09-27 15:10:26,825 INFO - Trying to enqueue tasks: [<TaskInstance: predict_model_dag.test_mongo_conn_task manual__2024-09-27T13:10:25+00:00 [scheduled]>] for executor: SequentialExecutor(parallelism=32)
2024-09-27 15:10:26,826 INFO - Sending TaskInstanceKey(dag_id='predict_model_dag', task_id='test_mongo_conn_task', run_id='manual__2024-09-27T13:10:25+00:00', try_number=1, map_index=-1) to SequentialExecutor with priority 5 and queue default
2024-09-27 15:10:26,826 INFO - Adding to queue: ['airflow', 'tasks', 'run', 'predict_model_dag', 'test_mongo_conn_task', 'manual__2024-09-27T13:10:25+00:00', '--local', '--subdir', 'DAGS_FOLDER/predict_model_dag.py']
2024-09-27 15:10:26,893 INFO - Executing command: ['airflow', 'tasks', 'run', 'predict_model_dag', 'test_mongo_conn_task', 'manual__2024-09-27T13:10:25+00:00', '--local', '--subdir', 'DAGS_FOLDER/predict_model_dag.py']
2024-09-27 15:10:31,021 INFO - Received executor event with state success for task instance TaskInstanceKey(dag_id='predict_model_dag', task_id='test_mongo_conn_task', run_id='manual__2024-09-27T13:10:25+00:00', try_number=1, map_index=-1)
2024-09-27 15:10:31,027 INFO - TaskInstance Finished: dag_id=predict_model_dag, task_id=test_mongo_conn_task, run_id=manual__2024-09-27T13:10:25+00:00, map_index=-1, run_start_date=2024-09-27 13:10:28.932830+00:00, run_end_date=2024-09-27 13:10:29.529349+00:00, run_duration=0.596519, state=success, executor=SequentialExecutor(parallelism=32), executor_state=success, try_number=1, max_tries=0, job_id=47, pool=default_pool, queue=default, priority_weight=5, operator=PythonOperator, queued_dttm=2024-09-27 13:10:26.824959+00:00, queued_by_job_id=38, pid=114103
2024-09-27 15:10:35,569 INFO - 1 tasks up for execution:
	<TaskInstance: predict_model_dag.fetch_data_task manual__2024-09-27T13:10:25+00:00 [scheduled]>
2024-09-27 15:10:35,590 INFO - DAG predict_model_dag has 0/16 running and queued tasks
2024-09-27 15:10:35,600 INFO - Setting the following tasks to queued state:
	<TaskInstance: predict_model_dag.fetch_data_task manual__2024-09-27T13:10:25+00:00 [scheduled]>
2024-09-27 15:10:35,606 INFO - Trying to enqueue tasks: [<TaskInstance: predict_model_dag.fetch_data_task manual__2024-09-27T13:10:25+00:00 [scheduled]>] for executor: SequentialExecutor(parallelism=32)
2024-09-27 15:10:35,608 INFO - Sending TaskInstanceKey(dag_id='predict_model_dag', task_id='fetch_data_task', run_id='manual__2024-09-27T13:10:25+00:00', try_number=1, map_index=-1) to SequentialExecutor with priority 3 and queue default
2024-09-27 15:10:35,608 INFO - Adding to queue: ['airflow', 'tasks', 'run', 'predict_model_dag', 'fetch_data_task', 'manual__2024-09-27T13:10:25+00:00', '--local', '--subdir', 'DAGS_FOLDER/predict_model_dag.py']
2024-09-27 15:10:35,670 INFO - Executing command: ['airflow', 'tasks', 'run', 'predict_model_dag', 'fetch_data_task', 'manual__2024-09-27T13:10:25+00:00', '--local', '--subdir', 'DAGS_FOLDER/predict_model_dag.py']
2024-09-27 15:10:39,862 INFO - Received executor event with state success for task instance TaskInstanceKey(dag_id='predict_model_dag', task_id='fetch_data_task', run_id='manual__2024-09-27T13:10:25+00:00', try_number=1, map_index=-1)
2024-09-27 15:10:39,865 INFO - TaskInstance Finished: dag_id=predict_model_dag, task_id=fetch_data_task, run_id=manual__2024-09-27T13:10:25+00:00, map_index=-1, run_start_date=2024-09-27 13:10:38.661120+00:00, run_end_date=2024-09-27 13:10:38.888287+00:00, run_duration=0.227167, state=failed, executor=SequentialExecutor(parallelism=32), executor_state=success, try_number=1, max_tries=0, job_id=49, pool=default_pool, queue=default, priority_weight=3, operator=PythonOperator, queued_dttm=2024-09-27 13:10:35.601124+00:00, queued_by_job_id=38, pid=114200
2024-09-27 15:10:39,902 ERROR - Marking run <DagRun predict_model_dag @ 2024-09-27 13:10:25+00:00: manual__2024-09-27T13:10:25+00:00, state:running, queued_at: 2024-09-27 13:10:25.695754+00:00. externally triggered: True> failed
2024-09-27 15:10:39,902 INFO - DagRun Finished: dag_id=predict_model_dag, execution_date=2024-09-27 13:10:25+00:00, run_id=manual__2024-09-27T13:10:25+00:00, run_start_date=2024-09-27 13:10:26.778490+00:00, run_end_date=2024-09-27 13:10:39.902676+00:00, run_duration=13.124186, state=failed, external_trigger=True, run_type=manual, data_interval_start=2024-09-26 00:00:00+00:00, data_interval_end=2024-09-27 00:00:00+00:00, dag_hash=d69314eb4107b40e51220d0a297377f1
2024-09-27 15:14:20,955 INFO - Adopting or resetting orphaned tasks for active dag runs
2024-09-27 15:19:20,996 INFO - Adopting or resetting orphaned tasks for active dag runs
2024-09-27 15:24:21,048 INFO - Adopting or resetting orphaned tasks for active dag runs
2024-09-27 15:29:21,094 INFO - Adopting or resetting orphaned tasks for active dag runs
2024-09-27 15:34:21,153 INFO - Adopting or resetting orphaned tasks for active dag runs
2024-09-27 15:38:17,153 WARNING - DagFileProcessorManager (PID=108118) exited with exit code 1 - re-launching
2024-09-27 15:38:17,159 INFO - Launched DagFileProcessorManager with pid: 128705
2024-09-27 15:38:17,177 INFO - Configured default timezone UTC
2024-09-27 15:39:21,201 INFO - Adopting or resetting orphaned tasks for active dag runs
2024-09-27 15:39:23,411 INFO - 1 tasks up for execution:
	<TaskInstance: predict_model_dag.fetch_data_task scheduled__2024-09-26T00:00:00+00:00 [scheduled]>
2024-09-27 15:39:23,412 INFO - DAG predict_model_dag has 0/16 running and queued tasks
2024-09-27 15:39:23,413 INFO - Setting the following tasks to queued state:
	<TaskInstance: predict_model_dag.fetch_data_task scheduled__2024-09-26T00:00:00+00:00 [scheduled]>
2024-09-27 15:39:23,417 INFO - Trying to enqueue tasks: [<TaskInstance: predict_model_dag.fetch_data_task scheduled__2024-09-26T00:00:00+00:00 [scheduled]>] for executor: SequentialExecutor(parallelism=32)
2024-09-27 15:39:23,417 INFO - Sending TaskInstanceKey(dag_id='predict_model_dag', task_id='fetch_data_task', run_id='scheduled__2024-09-26T00:00:00+00:00', try_number=1, map_index=-1) to SequentialExecutor with priority 3 and queue default
2024-09-27 15:39:23,418 INFO - Adding to queue: ['airflow', 'tasks', 'run', 'predict_model_dag', 'fetch_data_task', 'scheduled__2024-09-26T00:00:00+00:00', '--local', '--subdir', 'DAGS_FOLDER/predict_model_dag.py']
2024-09-27 15:39:23,438 INFO - Executing command: ['airflow', 'tasks', 'run', 'predict_model_dag', 'fetch_data_task', 'scheduled__2024-09-26T00:00:00+00:00', '--local', '--subdir', 'DAGS_FOLDER/predict_model_dag.py']
2024-09-27 15:39:25,835 INFO - Received executor event with state success for task instance TaskInstanceKey(dag_id='predict_model_dag', task_id='fetch_data_task', run_id='scheduled__2024-09-26T00:00:00+00:00', try_number=1, map_index=-1)
2024-09-27 15:39:25,838 INFO - TaskInstance Finished: dag_id=predict_model_dag, task_id=fetch_data_task, run_id=scheduled__2024-09-26T00:00:00+00:00, map_index=-1, run_start_date=2024-09-27 13:39:25.268366+00:00, run_end_date=2024-09-27 13:39:25.419769+00:00, run_duration=0.151403, state=failed, executor=SequentialExecutor(parallelism=32), executor_state=success, try_number=1, max_tries=0, job_id=42, pool=default_pool, queue=default, priority_weight=3, operator=PythonOperator, queued_dttm=2024-09-27 13:39:23.413800+00:00, queued_by_job_id=38, pid=129347
2024-09-27 15:39:25,873 ERROR - Marking run <DagRun predict_model_dag @ 2024-09-26 00:00:00+00:00: scheduled__2024-09-26T00:00:00+00:00, state:running, queued_at: 2024-09-27 13:39:17.288772+00:00. externally triggered: False> failed
2024-09-27 15:39:25,874 INFO - DagRun Finished: dag_id=predict_model_dag, execution_date=2024-09-26 00:00:00+00:00, run_id=scheduled__2024-09-26T00:00:00+00:00, run_start_date=2024-09-27 13:39:17.309834+00:00, run_end_date=2024-09-27 13:39:25.873925+00:00, run_duration=8.564091, state=failed, external_trigger=False, run_type=scheduled, data_interval_start=2024-09-26 00:00:00+00:00, data_interval_end=2024-09-27 00:00:00+00:00, dag_hash=d69314eb4107b40e51220d0a297377f1
2024-09-27 15:39:25,878 INFO - Setting next_dagrun for predict_model_dag to 2024-09-27 00:00:00+00:00, run_after=2024-09-28 00:00:00+00:00
2024-09-27 15:39:55,194 INFO - 1 tasks up for execution:
	<TaskInstance: predict_model_dag.test_mongo_conn_task manual__2024-09-27T13:39:54+00:00 [scheduled]>
2024-09-27 15:39:55,195 INFO - DAG predict_model_dag has 0/16 running and queued tasks
2024-09-27 15:39:55,197 INFO - Setting the following tasks to queued state:
	<TaskInstance: predict_model_dag.test_mongo_conn_task manual__2024-09-27T13:39:54+00:00 [scheduled]>
2024-09-27 15:39:55,201 INFO - Trying to enqueue tasks: [<TaskInstance: predict_model_dag.test_mongo_conn_task manual__2024-09-27T13:39:54+00:00 [scheduled]>] for executor: SequentialExecutor(parallelism=32)
2024-09-27 15:39:55,203 INFO - Sending TaskInstanceKey(dag_id='predict_model_dag', task_id='test_mongo_conn_task', run_id='manual__2024-09-27T13:39:54+00:00', try_number=1, map_index=-1) to SequentialExecutor with priority 5 and queue default
2024-09-27 15:39:55,205 INFO - Adding to queue: ['airflow', 'tasks', 'run', 'predict_model_dag', 'test_mongo_conn_task', 'manual__2024-09-27T13:39:54+00:00', '--local', '--subdir', 'DAGS_FOLDER/predict_model_dag.py']
2024-09-27 15:39:55,229 INFO - Executing command: ['airflow', 'tasks', 'run', 'predict_model_dag', 'test_mongo_conn_task', 'manual__2024-09-27T13:39:54+00:00', '--local', '--subdir', 'DAGS_FOLDER/predict_model_dag.py']
2024-09-27 15:39:59,097 INFO - Received executor event with state success for task instance TaskInstanceKey(dag_id='predict_model_dag', task_id='test_mongo_conn_task', run_id='manual__2024-09-27T13:39:54+00:00', try_number=1, map_index=-1)
2024-09-27 15:39:59,103 INFO - TaskInstance Finished: dag_id=predict_model_dag, task_id=test_mongo_conn_task, run_id=manual__2024-09-27T13:39:54+00:00, map_index=-1, run_start_date=2024-09-27 13:39:57.721505+00:00, run_end_date=2024-09-27 13:39:57.981128+00:00, run_duration=0.259623, state=success, executor=SequentialExecutor(parallelism=32), executor_state=success, try_number=1, max_tries=0, job_id=43, pool=default_pool, queue=default, priority_weight=5, operator=PythonOperator, queued_dttm=2024-09-27 13:39:55.198666+00:00, queued_by_job_id=38, pid=129717
2024-09-27 15:40:04,171 INFO - 1 tasks up for execution:
	<TaskInstance: predict_model_dag.fetch_data_task manual__2024-09-27T13:39:54+00:00 [scheduled]>
2024-09-27 15:40:04,175 INFO - DAG predict_model_dag has 0/16 running and queued tasks
2024-09-27 15:40:04,176 INFO - Setting the following tasks to queued state:
	<TaskInstance: predict_model_dag.fetch_data_task manual__2024-09-27T13:39:54+00:00 [scheduled]>
2024-09-27 15:40:04,179 INFO - Trying to enqueue tasks: [<TaskInstance: predict_model_dag.fetch_data_task manual__2024-09-27T13:39:54+00:00 [scheduled]>] for executor: SequentialExecutor(parallelism=32)
2024-09-27 15:40:04,179 INFO - Sending TaskInstanceKey(dag_id='predict_model_dag', task_id='fetch_data_task', run_id='manual__2024-09-27T13:39:54+00:00', try_number=1, map_index=-1) to SequentialExecutor with priority 3 and queue default
2024-09-27 15:40:04,179 INFO - Adding to queue: ['airflow', 'tasks', 'run', 'predict_model_dag', 'fetch_data_task', 'manual__2024-09-27T13:39:54+00:00', '--local', '--subdir', 'DAGS_FOLDER/predict_model_dag.py']
2024-09-27 15:40:04,188 INFO - Executing command: ['airflow', 'tasks', 'run', 'predict_model_dag', 'fetch_data_task', 'manual__2024-09-27T13:39:54+00:00', '--local', '--subdir', 'DAGS_FOLDER/predict_model_dag.py']
2024-09-27 15:40:08,044 INFO - Received executor event with state success for task instance TaskInstanceKey(dag_id='predict_model_dag', task_id='fetch_data_task', run_id='manual__2024-09-27T13:39:54+00:00', try_number=1, map_index=-1)
2024-09-27 15:40:08,050 INFO - TaskInstance Finished: dag_id=predict_model_dag, task_id=fetch_data_task, run_id=manual__2024-09-27T13:39:54+00:00, map_index=-1, run_start_date=2024-09-27 13:40:07.114767+00:00, run_end_date=2024-09-27 13:40:07.298607+00:00, run_duration=0.18384, state=failed, executor=SequentialExecutor(parallelism=32), executor_state=success, try_number=1, max_tries=0, job_id=45, pool=default_pool, queue=default, priority_weight=3, operator=PythonOperator, queued_dttm=2024-09-27 13:40:04.177692+00:00, queued_by_job_id=38, pid=129954
2024-09-27 15:40:08,086 ERROR - Marking run <DagRun predict_model_dag @ 2024-09-27 13:39:54+00:00: manual__2024-09-27T13:39:54+00:00, state:running, queued_at: 2024-09-27 13:39:54.958427+00:00. externally triggered: True> failed
2024-09-27 15:40:08,087 INFO - DagRun Finished: dag_id=predict_model_dag, execution_date=2024-09-27 13:39:54+00:00, run_id=manual__2024-09-27T13:39:54+00:00, run_start_date=2024-09-27 13:39:55.101858+00:00, run_end_date=2024-09-27 13:40:08.087468+00:00, run_duration=12.98561, state=failed, external_trigger=True, run_type=manual, data_interval_start=2024-09-26 00:00:00+00:00, data_interval_end=2024-09-27 00:00:00+00:00, dag_hash=d69314eb4107b40e51220d0a297377f1
2024-09-27 15:44:21,231 INFO - Adopting or resetting orphaned tasks for active dag runs
2024-09-27 15:49:21,271 INFO - Adopting or resetting orphaned tasks for active dag runs
2024-09-27 15:50:10,125 INFO - 1 tasks up for execution:
	<TaskInstance: predict_model_dag.test_mongo_conn_task manual__2024-09-27T13:50:09+00:00 [scheduled]>
2024-09-27 15:50:10,125 INFO - DAG predict_model_dag has 0/16 running and queued tasks
2024-09-27 15:50:10,126 INFO - Setting the following tasks to queued state:
	<TaskInstance: predict_model_dag.test_mongo_conn_task manual__2024-09-27T13:50:09+00:00 [scheduled]>
2024-09-27 15:50:10,127 INFO - Trying to enqueue tasks: [<TaskInstance: predict_model_dag.test_mongo_conn_task manual__2024-09-27T13:50:09+00:00 [scheduled]>] for executor: SequentialExecutor(parallelism=32)
2024-09-27 15:50:10,127 INFO - Sending TaskInstanceKey(dag_id='predict_model_dag', task_id='test_mongo_conn_task', run_id='manual__2024-09-27T13:50:09+00:00', try_number=1, map_index=-1) to SequentialExecutor with priority 5 and queue default
2024-09-27 15:50:10,127 INFO - Adding to queue: ['airflow', 'tasks', 'run', 'predict_model_dag', 'test_mongo_conn_task', 'manual__2024-09-27T13:50:09+00:00', '--local', '--subdir', 'DAGS_FOLDER/predict_model_dag.py']
2024-09-27 15:50:10,137 INFO - Executing command: ['airflow', 'tasks', 'run', 'predict_model_dag', 'test_mongo_conn_task', 'manual__2024-09-27T13:50:09+00:00', '--local', '--subdir', 'DAGS_FOLDER/predict_model_dag.py']
2024-09-27 15:50:13,843 INFO - Received executor event with state success for task instance TaskInstanceKey(dag_id='predict_model_dag', task_id='test_mongo_conn_task', run_id='manual__2024-09-27T13:50:09+00:00', try_number=1, map_index=-1)
2024-09-27 15:50:13,852 INFO - TaskInstance Finished: dag_id=predict_model_dag, task_id=test_mongo_conn_task, run_id=manual__2024-09-27T13:50:09+00:00, map_index=-1, run_start_date=2024-09-27 13:50:12.793184+00:00, run_end_date=2024-09-27 13:50:12.929945+00:00, run_duration=0.136761, state=success, executor=SequentialExecutor(parallelism=32), executor_state=success, try_number=1, max_tries=0, job_id=47, pool=default_pool, queue=default, priority_weight=5, operator=PythonOperator, queued_dttm=2024-09-27 13:50:10.126585+00:00, queued_by_job_id=38, pid=135682
2024-09-27 15:50:19,655 INFO - 1 tasks up for execution:
	<TaskInstance: predict_model_dag.fetch_data_task manual__2024-09-27T13:50:09+00:00 [scheduled]>
2024-09-27 15:50:19,656 INFO - DAG predict_model_dag has 0/16 running and queued tasks
2024-09-27 15:50:19,658 INFO - Setting the following tasks to queued state:
	<TaskInstance: predict_model_dag.fetch_data_task manual__2024-09-27T13:50:09+00:00 [scheduled]>
2024-09-27 15:50:19,661 INFO - Trying to enqueue tasks: [<TaskInstance: predict_model_dag.fetch_data_task manual__2024-09-27T13:50:09+00:00 [scheduled]>] for executor: SequentialExecutor(parallelism=32)
2024-09-27 15:50:19,663 INFO - Sending TaskInstanceKey(dag_id='predict_model_dag', task_id='fetch_data_task', run_id='manual__2024-09-27T13:50:09+00:00', try_number=1, map_index=-1) to SequentialExecutor with priority 3 and queue default
2024-09-27 15:50:19,663 INFO - Adding to queue: ['airflow', 'tasks', 'run', 'predict_model_dag', 'fetch_data_task', 'manual__2024-09-27T13:50:09+00:00', '--local', '--subdir', 'DAGS_FOLDER/predict_model_dag.py']
2024-09-27 15:50:19,677 INFO - Executing command: ['airflow', 'tasks', 'run', 'predict_model_dag', 'fetch_data_task', 'manual__2024-09-27T13:50:09+00:00', '--local', '--subdir', 'DAGS_FOLDER/predict_model_dag.py']
2024-09-27 15:50:22,997 INFO - Received executor event with state success for task instance TaskInstanceKey(dag_id='predict_model_dag', task_id='fetch_data_task', run_id='manual__2024-09-27T13:50:09+00:00', try_number=1, map_index=-1)
2024-09-27 15:50:23,000 INFO - TaskInstance Finished: dag_id=predict_model_dag, task_id=fetch_data_task, run_id=manual__2024-09-27T13:50:09+00:00, map_index=-1, run_start_date=2024-09-27 13:50:22.145872+00:00, run_end_date=2024-09-27 13:50:22.337563+00:00, run_duration=0.191691, state=failed, executor=SequentialExecutor(parallelism=32), executor_state=success, try_number=1, max_tries=0, job_id=49, pool=default_pool, queue=default, priority_weight=3, operator=PythonOperator, queued_dttm=2024-09-27 13:50:19.661080+00:00, queued_by_job_id=38, pid=135775
2024-09-27 15:54:21,345 INFO - Adopting or resetting orphaned tasks for active dag runs
2024-09-27 15:56:04,682 INFO - 1 tasks up for execution:
	<TaskInstance: predict_model_dag.test_mongo_conn_task manual__2024-09-27T13:56:03+00:00 [scheduled]>
2024-09-27 15:56:04,685 INFO - DAG predict_model_dag has 0/16 running and queued tasks
2024-09-27 15:56:04,685 INFO - Setting the following tasks to queued state:
	<TaskInstance: predict_model_dag.test_mongo_conn_task manual__2024-09-27T13:56:03+00:00 [scheduled]>
2024-09-27 15:56:04,691 INFO - Trying to enqueue tasks: [<TaskInstance: predict_model_dag.test_mongo_conn_task manual__2024-09-27T13:56:03+00:00 [scheduled]>] for executor: SequentialExecutor(parallelism=32)
2024-09-27 15:56:04,698 INFO - Sending TaskInstanceKey(dag_id='predict_model_dag', task_id='test_mongo_conn_task', run_id='manual__2024-09-27T13:56:03+00:00', try_number=1, map_index=-1) to SequentialExecutor with priority 5 and queue default
2024-09-27 15:56:04,698 INFO - Adding to queue: ['airflow', 'tasks', 'run', 'predict_model_dag', 'test_mongo_conn_task', 'manual__2024-09-27T13:56:03+00:00', '--local', '--subdir', 'DAGS_FOLDER/predict_model_dag.py']
2024-09-27 15:56:04,729 INFO - Executing command: ['airflow', 'tasks', 'run', 'predict_model_dag', 'test_mongo_conn_task', 'manual__2024-09-27T13:56:03+00:00', '--local', '--subdir', 'DAGS_FOLDER/predict_model_dag.py']
2024-09-27 15:56:08,841 INFO - Received executor event with state success for task instance TaskInstanceKey(dag_id='predict_model_dag', task_id='test_mongo_conn_task', run_id='manual__2024-09-27T13:56:03+00:00', try_number=1, map_index=-1)
2024-09-27 15:56:08,856 INFO - TaskInstance Finished: dag_id=predict_model_dag, task_id=test_mongo_conn_task, run_id=manual__2024-09-27T13:56:03+00:00, map_index=-1, run_start_date=2024-09-27 13:56:07.416062+00:00, run_end_date=2024-09-27 13:56:07.656461+00:00, run_duration=0.240399, state=success, executor=SequentialExecutor(parallelism=32), executor_state=success, try_number=1, max_tries=0, job_id=51, pool=default_pool, queue=default, priority_weight=5, operator=PythonOperator, queued_dttm=2024-09-27 13:56:04.685976+00:00, queued_by_job_id=38, pid=138522
2024-09-27 15:56:13,003 INFO - 1 tasks up for execution:
	<TaskInstance: predict_model_dag.fetch_data_task manual__2024-09-27T13:56:03+00:00 [scheduled]>
2024-09-27 15:56:13,004 INFO - DAG predict_model_dag has 0/16 running and queued tasks
2024-09-27 15:56:13,004 INFO - Setting the following tasks to queued state:
	<TaskInstance: predict_model_dag.fetch_data_task manual__2024-09-27T13:56:03+00:00 [scheduled]>
2024-09-27 15:56:13,006 INFO - Trying to enqueue tasks: [<TaskInstance: predict_model_dag.fetch_data_task manual__2024-09-27T13:56:03+00:00 [scheduled]>] for executor: SequentialExecutor(parallelism=32)
2024-09-27 15:56:13,007 INFO - Sending TaskInstanceKey(dag_id='predict_model_dag', task_id='fetch_data_task', run_id='manual__2024-09-27T13:56:03+00:00', try_number=1, map_index=-1) to SequentialExecutor with priority 3 and queue default
2024-09-27 15:56:13,007 INFO - Adding to queue: ['airflow', 'tasks', 'run', 'predict_model_dag', 'fetch_data_task', 'manual__2024-09-27T13:56:03+00:00', '--local', '--subdir', 'DAGS_FOLDER/predict_model_dag.py']
2024-09-27 15:56:13,018 INFO - Executing command: ['airflow', 'tasks', 'run', 'predict_model_dag', 'fetch_data_task', 'manual__2024-09-27T13:56:03+00:00', '--local', '--subdir', 'DAGS_FOLDER/predict_model_dag.py']
2024-09-27 15:56:16,429 INFO - Received executor event with state success for task instance TaskInstanceKey(dag_id='predict_model_dag', task_id='fetch_data_task', run_id='manual__2024-09-27T13:56:03+00:00', try_number=1, map_index=-1)
2024-09-27 15:56:16,433 INFO - TaskInstance Finished: dag_id=predict_model_dag, task_id=fetch_data_task, run_id=manual__2024-09-27T13:56:03+00:00, map_index=-1, run_start_date=2024-09-27 13:56:15.616284+00:00, run_end_date=2024-09-27 13:56:15.793342+00:00, run_duration=0.177058, state=failed, executor=SequentialExecutor(parallelism=32), executor_state=success, try_number=1, max_tries=0, job_id=53, pool=default_pool, queue=default, priority_weight=3, operator=PythonOperator, queued_dttm=2024-09-27 13:56:13.005682+00:00, queued_by_job_id=38, pid=138610
2024-09-27 15:56:16,468 ERROR - Marking run <DagRun predict_model_dag @ 2024-09-27 13:56:03+00:00: manual__2024-09-27T13:56:03+00:00, state:running, queued_at: 2024-09-27 13:56:03.472254+00:00. externally triggered: True> failed
2024-09-27 15:56:16,469 INFO - DagRun Finished: dag_id=predict_model_dag, execution_date=2024-09-27 13:56:03+00:00, run_id=manual__2024-09-27T13:56:03+00:00, run_start_date=2024-09-27 13:56:04.608727+00:00, run_end_date=2024-09-27 13:56:16.469215+00:00, run_duration=11.860488, state=failed, external_trigger=True, run_type=manual, data_interval_start=2024-09-26 00:00:00+00:00, data_interval_end=2024-09-27 00:00:00+00:00, dag_hash=d69314eb4107b40e51220d0a297377f1
2024-09-27 15:59:21,397 INFO - Adopting or resetting orphaned tasks for active dag runs
2024-09-27 16:04:21,447 INFO - Adopting or resetting orphaned tasks for active dag runs
2024-09-27 16:04:51,819 INFO - 1 tasks up for execution:
	<TaskInstance: predict_model_dag.load_model_task scheduled__2024-09-26T00:00:00+00:00 [scheduled]>
2024-09-27 16:04:51,820 INFO - DAG predict_model_dag has 1/16 running and queued tasks
2024-09-27 16:04:51,820 INFO - Setting the following tasks to queued state:
	<TaskInstance: predict_model_dag.load_model_task scheduled__2024-09-26T00:00:00+00:00 [scheduled]>
2024-09-27 16:04:51,821 INFO - Trying to enqueue tasks: [<TaskInstance: predict_model_dag.load_model_task scheduled__2024-09-26T00:00:00+00:00 [scheduled]>] for executor: SequentialExecutor(parallelism=32)
2024-09-27 16:04:51,822 INFO - Sending TaskInstanceKey(dag_id='predict_model_dag', task_id='load_model_task', run_id='scheduled__2024-09-26T00:00:00+00:00', try_number=1, map_index=-1) to SequentialExecutor with priority 4 and queue default
2024-09-27 16:04:51,822 INFO - Adding to queue: ['airflow', 'tasks', 'run', 'predict_model_dag', 'load_model_task', 'scheduled__2024-09-26T00:00:00+00:00', '--local', '--subdir', 'DAGS_FOLDER/predict_model_dag.py']
2024-09-27 16:04:51,828 INFO - Executing command: ['airflow', 'tasks', 'run', 'predict_model_dag', 'load_model_task', 'scheduled__2024-09-26T00:00:00+00:00', '--local', '--subdir', 'DAGS_FOLDER/predict_model_dag.py']
2024-09-27 16:04:55,118 INFO - Received executor event with state success for task instance TaskInstanceKey(dag_id='predict_model_dag', task_id='load_model_task', run_id='scheduled__2024-09-26T00:00:00+00:00', try_number=1, map_index=-1)
2024-09-27 16:04:55,122 INFO - TaskInstance Finished: dag_id=predict_model_dag, task_id=load_model_task, run_id=scheduled__2024-09-26T00:00:00+00:00, map_index=-1, run_start_date=2024-09-27 14:04:53.656450+00:00, run_end_date=2024-09-27 14:04:54.144720+00:00, run_duration=0.48827, state=success, executor=SequentialExecutor(parallelism=32), executor_state=success, try_number=1, max_tries=0, job_id=53, pool=default_pool, queue=default, priority_weight=4, operator=PythonOperator, queued_dttm=2024-09-27 14:04:51.821115+00:00, queued_by_job_id=38, pid=141798
2024-09-27 16:04:57,322 INFO - 1 tasks up for execution:
	<TaskInstance: predict_model_dag.fetch_data_task manual__2024-09-27T14:04:34+00:00 [scheduled]>
2024-09-27 16:04:57,323 INFO - DAG predict_model_dag has 1/16 running and queued tasks
2024-09-27 16:04:57,323 INFO - Setting the following tasks to queued state:
	<TaskInstance: predict_model_dag.fetch_data_task manual__2024-09-27T14:04:34+00:00 [scheduled]>
2024-09-27 16:04:57,325 INFO - Trying to enqueue tasks: [<TaskInstance: predict_model_dag.fetch_data_task manual__2024-09-27T14:04:34+00:00 [scheduled]>] for executor: SequentialExecutor(parallelism=32)
2024-09-27 16:04:57,326 INFO - Sending TaskInstanceKey(dag_id='predict_model_dag', task_id='fetch_data_task', run_id='manual__2024-09-27T14:04:34+00:00', try_number=1, map_index=-1) to SequentialExecutor with priority 3 and queue default
2024-09-27 16:04:57,326 INFO - Adding to queue: ['airflow', 'tasks', 'run', 'predict_model_dag', 'fetch_data_task', 'manual__2024-09-27T14:04:34+00:00', '--local', '--subdir', 'DAGS_FOLDER/predict_model_dag.py']
2024-09-27 16:04:57,334 INFO - Executing command: ['airflow', 'tasks', 'run', 'predict_model_dag', 'fetch_data_task', 'manual__2024-09-27T14:04:34+00:00', '--local', '--subdir', 'DAGS_FOLDER/predict_model_dag.py']
2024-09-27 16:04:59,586 INFO - Received executor event with state success for task instance TaskInstanceKey(dag_id='predict_model_dag', task_id='fetch_data_task', run_id='manual__2024-09-27T14:04:34+00:00', try_number=1, map_index=-1)
2024-09-27 16:04:59,589 INFO - TaskInstance Finished: dag_id=predict_model_dag, task_id=fetch_data_task, run_id=manual__2024-09-27T14:04:34+00:00, map_index=-1, run_start_date=2024-09-27 14:04:58.953607+00:00, run_end_date=2024-09-27 14:04:59.098099+00:00, run_duration=0.144492, state=failed, executor=SequentialExecutor(parallelism=32), executor_state=success, try_number=1, max_tries=0, job_id=55, pool=default_pool, queue=default, priority_weight=3, operator=PythonOperator, queued_dttm=2024-09-27 14:04:57.324754+00:00, queued_by_job_id=38, pid=141864
2024-09-27 16:05:00,298 ERROR - Marking run <DagRun predict_model_dag @ 2024-09-26 00:00:00+00:00: scheduled__2024-09-26T00:00:00+00:00, state:running, queued_at: 2024-09-27 14:04:49.133595+00:00. externally triggered: False> failed
2024-09-27 16:05:00,299 INFO - DagRun Finished: dag_id=predict_model_dag, execution_date=2024-09-26 00:00:00+00:00, run_id=scheduled__2024-09-26T00:00:00+00:00, run_start_date=2024-09-27 14:04:49.218267+00:00, run_end_date=2024-09-27 14:05:00.299601+00:00, run_duration=11.081334, state=failed, external_trigger=False, run_type=scheduled, data_interval_start=2024-09-26 00:00:00+00:00, data_interval_end=2024-09-27 00:00:00+00:00, dag_hash=d69314eb4107b40e51220d0a297377f1
2024-09-27 16:05:00,310 INFO - Setting next_dagrun for predict_model_dag to 2024-09-27 00:00:00+00:00, run_after=2024-09-28 00:00:00+00:00
2024-09-27 16:05:00,320 ERROR - Marking run <DagRun predict_model_dag @ 2024-09-27 14:04:34+00:00: manual__2024-09-27T14:04:34+00:00, state:running, queued_at: 2024-09-27 14:04:34.466400+00:00. externally triggered: True> failed
2024-09-27 16:05:00,326 INFO - DagRun Finished: dag_id=predict_model_dag, execution_date=2024-09-27 14:04:34+00:00, run_id=manual__2024-09-27T14:04:34+00:00, run_start_date=2024-09-27 14:04:49.218481+00:00, run_end_date=2024-09-27 14:05:00.326827+00:00, run_duration=11.108346, state=failed, external_trigger=True, run_type=manual, data_interval_start=2024-09-26 00:00:00+00:00, data_interval_end=2024-09-27 00:00:00+00:00, dag_hash=d69314eb4107b40e51220d0a297377f1
2024-09-27 16:09:22,636 INFO - Adopting or resetting orphaned tasks for active dag runs
2024-09-27 16:14:22,668 INFO - Adopting or resetting orphaned tasks for active dag runs
2024-09-27 16:15:07,644 INFO - 1 tasks up for execution:
	<TaskInstance: predict_model_dag.fetch_data_task manual__2024-09-27T14:15:02+00:00 [scheduled]>
2024-09-27 16:15:07,645 INFO - DAG predict_model_dag has 0/16 running and queued tasks
2024-09-27 16:15:07,645 INFO - Setting the following tasks to queued state:
	<TaskInstance: predict_model_dag.fetch_data_task manual__2024-09-27T14:15:02+00:00 [scheduled]>
2024-09-27 16:15:07,647 INFO - Trying to enqueue tasks: [<TaskInstance: predict_model_dag.fetch_data_task manual__2024-09-27T14:15:02+00:00 [scheduled]>] for executor: SequentialExecutor(parallelism=32)
2024-09-27 16:15:07,647 INFO - Sending TaskInstanceKey(dag_id='predict_model_dag', task_id='fetch_data_task', run_id='manual__2024-09-27T14:15:02+00:00', try_number=1, map_index=-1) to SequentialExecutor with priority 3 and queue default
2024-09-27 16:15:07,647 INFO - Adding to queue: ['airflow', 'tasks', 'run', 'predict_model_dag', 'fetch_data_task', 'manual__2024-09-27T14:15:02+00:00', '--local', '--subdir', 'DAGS_FOLDER/predict_model_dag.py']
2024-09-27 16:15:07,657 INFO - Executing command: ['airflow', 'tasks', 'run', 'predict_model_dag', 'fetch_data_task', 'manual__2024-09-27T14:15:02+00:00', '--local', '--subdir', 'DAGS_FOLDER/predict_model_dag.py']
2024-09-27 16:15:10,774 INFO - Received executor event with state success for task instance TaskInstanceKey(dag_id='predict_model_dag', task_id='fetch_data_task', run_id='manual__2024-09-27T14:15:02+00:00', try_number=1, map_index=-1)
2024-09-27 16:15:10,790 INFO - TaskInstance Finished: dag_id=predict_model_dag, task_id=fetch_data_task, run_id=manual__2024-09-27T14:15:02+00:00, map_index=-1, run_start_date=2024-09-27 14:15:09.572234+00:00, run_end_date=2024-09-27 14:15:09.722433+00:00, run_duration=0.150199, state=failed, executor=SequentialExecutor(parallelism=32), executor_state=success, try_number=1, max_tries=0, job_id=60, pool=default_pool, queue=default, priority_weight=3, operator=PythonOperator, queued_dttm=2024-09-27 14:15:07.646312+00:00, queued_by_job_id=38, pid=146285
2024-09-27 16:15:10,825 ERROR - Marking run <DagRun predict_model_dag @ 2024-09-27 14:15:02+00:00: manual__2024-09-27T14:15:02+00:00, state:running, queued_at: 2024-09-27 14:15:02.270410+00:00. externally triggered: True> failed
2024-09-27 16:15:10,826 INFO - DagRun Finished: dag_id=predict_model_dag, execution_date=2024-09-27 14:15:02+00:00, run_id=manual__2024-09-27T14:15:02+00:00, run_start_date=2024-09-27 14:15:03.143238+00:00, run_end_date=2024-09-27 14:15:10.826581+00:00, run_duration=7.683343, state=failed, external_trigger=True, run_type=manual, data_interval_start=2024-09-26 00:00:00+00:00, data_interval_end=2024-09-27 00:00:00+00:00, dag_hash=d69314eb4107b40e51220d0a297377f1
2024-09-27 16:15:41,097 INFO - 1 tasks up for execution:
	<TaskInstance: predict_model_dag.test_mongo_conn_task manual__2024-09-27T14:15:40+00:00 [scheduled]>
2024-09-27 16:15:41,098 INFO - DAG predict_model_dag has 0/16 running and queued tasks
2024-09-27 16:15:41,099 INFO - Setting the following tasks to queued state:
	<TaskInstance: predict_model_dag.test_mongo_conn_task manual__2024-09-27T14:15:40+00:00 [scheduled]>
2024-09-27 16:15:41,100 INFO - Trying to enqueue tasks: [<TaskInstance: predict_model_dag.test_mongo_conn_task manual__2024-09-27T14:15:40+00:00 [scheduled]>] for executor: SequentialExecutor(parallelism=32)
2024-09-27 16:15:41,101 INFO - Sending TaskInstanceKey(dag_id='predict_model_dag', task_id='test_mongo_conn_task', run_id='manual__2024-09-27T14:15:40+00:00', try_number=1, map_index=-1) to SequentialExecutor with priority 5 and queue default
2024-09-27 16:15:41,102 INFO - Adding to queue: ['airflow', 'tasks', 'run', 'predict_model_dag', 'test_mongo_conn_task', 'manual__2024-09-27T14:15:40+00:00', '--local', '--subdir', 'DAGS_FOLDER/predict_model_dag.py']
2024-09-27 16:15:41,112 INFO - Executing command: ['airflow', 'tasks', 'run', 'predict_model_dag', 'test_mongo_conn_task', 'manual__2024-09-27T14:15:40+00:00', '--local', '--subdir', 'DAGS_FOLDER/predict_model_dag.py']
2024-09-27 16:15:44,382 INFO - Received executor event with state success for task instance TaskInstanceKey(dag_id='predict_model_dag', task_id='test_mongo_conn_task', run_id='manual__2024-09-27T14:15:40+00:00', try_number=1, map_index=-1)
2024-09-27 16:15:44,414 INFO - TaskInstance Finished: dag_id=predict_model_dag, task_id=test_mongo_conn_task, run_id=manual__2024-09-27T14:15:40+00:00, map_index=-1, run_start_date=2024-09-27 14:15:43.622898+00:00, run_end_date=2024-09-27 14:15:43.759995+00:00, run_duration=0.137097, state=success, executor=SequentialExecutor(parallelism=32), executor_state=success, try_number=1, max_tries=0, job_id=61, pool=default_pool, queue=default, priority_weight=5, operator=PythonOperator, queued_dttm=2024-09-27 14:15:41.099849+00:00, queued_by_job_id=38, pid=146509
2024-09-27 16:15:49,112 INFO - 1 tasks up for execution:
	<TaskInstance: predict_model_dag.fetch_data_task manual__2024-09-27T14:15:40+00:00 [scheduled]>
2024-09-27 16:15:49,112 INFO - DAG predict_model_dag has 0/16 running and queued tasks
2024-09-27 16:15:49,113 INFO - Setting the following tasks to queued state:
	<TaskInstance: predict_model_dag.fetch_data_task manual__2024-09-27T14:15:40+00:00 [scheduled]>
2024-09-27 16:15:49,114 INFO - Trying to enqueue tasks: [<TaskInstance: predict_model_dag.fetch_data_task manual__2024-09-27T14:15:40+00:00 [scheduled]>] for executor: SequentialExecutor(parallelism=32)
2024-09-27 16:15:49,115 INFO - Sending TaskInstanceKey(dag_id='predict_model_dag', task_id='fetch_data_task', run_id='manual__2024-09-27T14:15:40+00:00', try_number=1, map_index=-1) to SequentialExecutor with priority 3 and queue default
2024-09-27 16:15:49,115 INFO - Adding to queue: ['airflow', 'tasks', 'run', 'predict_model_dag', 'fetch_data_task', 'manual__2024-09-27T14:15:40+00:00', '--local', '--subdir', 'DAGS_FOLDER/predict_model_dag.py']
2024-09-27 16:15:49,125 INFO - Executing command: ['airflow', 'tasks', 'run', 'predict_model_dag', 'fetch_data_task', 'manual__2024-09-27T14:15:40+00:00', '--local', '--subdir', 'DAGS_FOLDER/predict_model_dag.py']
2024-09-27 16:15:52,747 INFO - Received executor event with state success for task instance TaskInstanceKey(dag_id='predict_model_dag', task_id='fetch_data_task', run_id='manual__2024-09-27T14:15:40+00:00', try_number=1, map_index=-1)
2024-09-27 16:15:52,752 INFO - TaskInstance Finished: dag_id=predict_model_dag, task_id=fetch_data_task, run_id=manual__2024-09-27T14:15:40+00:00, map_index=-1, run_start_date=2024-09-27 14:15:51.906106+00:00, run_end_date=2024-09-27 14:15:52.104925+00:00, run_duration=0.198819, state=failed, executor=SequentialExecutor(parallelism=32), executor_state=success, try_number=1, max_tries=0, job_id=63, pool=default_pool, queue=default, priority_weight=3, operator=PythonOperator, queued_dttm=2024-09-27 14:15:49.113986+00:00, queued_by_job_id=38, pid=146586
2024-09-27 16:19:22,714 INFO - Adopting or resetting orphaned tasks for active dag runs
2024-09-27 16:24:22,755 INFO - Adopting or resetting orphaned tasks for active dag runs
2024-09-27 16:29:22,800 INFO - Adopting or resetting orphaned tasks for active dag runs
2024-09-27 16:34:22,854 INFO - Adopting or resetting orphaned tasks for active dag runs
2024-09-27 16:39:22,884 INFO - Adopting or resetting orphaned tasks for active dag runs
2024-09-27 16:44:22,912 INFO - Adopting or resetting orphaned tasks for active dag runs
2024-09-27 16:49:22,936 INFO - Adopting or resetting orphaned tasks for active dag runs
2024-09-27 16:54:22,963 INFO - Adopting or resetting orphaned tasks for active dag runs
2024-09-27 16:59:22,996 INFO - Adopting or resetting orphaned tasks for active dag runs
2024-09-27 17:04:23,024 INFO - Adopting or resetting orphaned tasks for active dag runs
2024-09-27 17:09:23,062 INFO - Adopting or resetting orphaned tasks for active dag runs
2024-09-27 17:14:23,100 INFO - Adopting or resetting orphaned tasks for active dag runs
2024-09-27 17:19:23,111 INFO - Adopting or resetting orphaned tasks for active dag runs
2024-09-27 17:24:23,148 INFO - Adopting or resetting orphaned tasks for active dag runs
2024-09-27 17:29:23,174 INFO - Adopting or resetting orphaned tasks for active dag runs
2024-09-27 17:34:23,221 INFO - Adopting or resetting orphaned tasks for active dag runs
2024-09-27 17:39:23,272 INFO - Adopting or resetting orphaned tasks for active dag runs
2024-09-27 17:44:23,299 INFO - Adopting or resetting orphaned tasks for active dag runs
2024-09-27 17:49:23,324 INFO - Adopting or resetting orphaned tasks for active dag runs
2024-09-27 17:54:23,362 INFO - Adopting or resetting orphaned tasks for active dag runs
2024-09-27 17:59:23,387 INFO - Adopting or resetting orphaned tasks for active dag runs
2024-09-27 18:04:23,421 INFO - Adopting or resetting orphaned tasks for active dag runs
2024-09-27 18:09:23,447 INFO - Adopting or resetting orphaned tasks for active dag runs
2024-09-27 18:14:23,475 INFO - Adopting or resetting orphaned tasks for active dag runs
2024-09-27 18:19:23,501 INFO - Adopting or resetting orphaned tasks for active dag runs
2024-09-27 18:24:24,269 INFO - Adopting or resetting orphaned tasks for active dag runs
2024-09-27 18:29:24,296 INFO - Adopting or resetting orphaned tasks for active dag runs
2024-09-27 18:34:24,322 INFO - Adopting or resetting orphaned tasks for active dag runs
2024-09-27 18:39:24,348 INFO - Adopting or resetting orphaned tasks for active dag runs
2024-09-27 18:44:24,649 INFO - Adopting or resetting orphaned tasks for active dag runs
